<?xml version="1.0" encoding="UTF-8"?>
<testng-results ignored="0" total="2" passed="2" failed="0" skipped="0">
  <reporter-output>
  </reporter-output>
  <suite started-at="2022-05-13T19:45:26 IST" name="Default suite" finished-at="2022-05-13T19:45:49 IST" duration-ms="23123">
    <groups>
    </groups>
    <test started-at="2022-05-13T19:45:26 IST" name="Default test" finished-at="2022-05-13T19:45:49 IST" duration-ms="23123">
      <class name="tests.tests">
        <test-method is-config="true" signature="setup()[pri:0, instance:tests.tests@4b0d79fc]" started-at="2022-05-13T19:45:26 IST" name="setup" finished-at="2022-05-13T19:45:39 IST" duration-ms="13512" status="PASS">
          <reporter-output>
          </reporter-output>
        </test-method> <!-- setup -->
        <test-method signature="sampleTest()[pri:0, instance:tests.tests@4b0d79fc]" started-at="2022-05-13T19:45:39 IST" name="sampleTest" finished-at="2022-05-13T19:45:39 IST" duration-ms="6" status="PASS">
          <reporter-output>
          </reporter-output>
        </test-method> <!-- sampleTest -->
        <test-method signature="testcal()[pri:0, instance:tests.tests@4b0d79fc]" started-at="2022-05-13T19:45:39 IST" name="testcal" finished-at="2022-05-13T19:45:49 IST" duration-ms="9564" status="PASS">
          <reporter-output>
          </reporter-output>
        </test-method> <!-- testcal -->
      </class> <!-- tests.tests -->
    </test> <!-- Default test -->
  </suite> <!-- Default suite -->
</testng-results>
